<?xml version="1.0" encoding="UTF-8"?>
<!-- Generated by org.testng.reporters.JUnitReportReporter -->
<testsuite hostname="DESKTOP-M021GP2" failures="0" tests="1" name="surat.SearchTest" time="4.009" errors="0" timestamp="2020-06-08T19:28:16 EDT" skipped="0">
  <testcase classname="surat.SearchTest" name="testSearch" time="4.009"/>
  <system-out/>
</testsuite> <!-- surat.SearchTest -->
