<?xml version="1.0" encoding="UTF-8"?>
<!-- Generated by org.testng.reporters.JUnitReportReporter -->
<testsuite hostname="DESKTOP-M021GP2" failures="0" tests="1" name="test1.TestA" time="0.009" errors="0" timestamp="2020-06-01T21:13:02 EDT" skipped="0">
  <testcase classname="test1.TestA" name="testA1" time="0.009"/>
  <system-out/>
</testsuite> <!-- test1.TestA -->
