<?xml version="1.0" encoding="UTF-8"?>
<!-- Generated by org.testng.reporters.JUnitReportReporter -->
<testsuite hostname="DESKTOP-M021GP2" failures="0" tests="1" name="excelTest.ExcelDataPrint" time="0.000" errors="0" timestamp="2020-06-15T21:22:22 EDT" skipped="1">
  <testcase classname="excelTest.ExcelDataPrint" name="printExcelData" time="0.000">
    <skipped/>
  </testcase> <!-- printExcelData -->
  <system-out/>
</testsuite> <!-- excelTest.ExcelDataPrint -->
