<?xml version="1.0" encoding="UTF-8"?>
<!-- Generated by org.testng.reporters.JUnitReportReporter -->
<testsuite hostname="DESKTOP-M021GP2" failures="0" tests="4" name="test1.TestC" time="0.005" errors="0" timestamp="2020-06-01T21:46:24 EDT" skipped="0">
  <testcase classname="test1.TestC" name="testC1" time="0.004"/>
  <system-out/>
  <testcase classname="test1.TestC" name="testC3" time="0.000"/>
  <system-out/>
  <testcase classname="test1.TestC" name="testC4" time="0.000"/>
  <system-out/>
  <testcase classname="test1.TestC" name="testC2" time="0.001"/>
  <system-out/>
</testsuite> <!-- test1.TestC -->
