<?xml version="1.0" encoding="UTF-8"?>
<!-- Generated by org.testng.reporters.JUnitReportReporter -->
<testsuite hostname="DESKTOP-M021GP2" failures="0" tests="3" name="test1.TestA" time="0.004" errors="0" timestamp="2020-06-01T21:49:12 EDT" skipped="0">
  <testcase classname="test1.TestA" name="testA2" time="0.001"/>
  <system-out/>
  <testcase classname="test1.TestA" name="testA3" time="0.000"/>
  <system-out/>
  <testcase classname="test1.TestA" name="testA1" time="0.003"/>
  <system-out/>
</testsuite> <!-- test1.TestA -->
