<?xml version="1.0" encoding="UTF-8"?>
<!-- Generated by org.testng.reporters.JUnitReportReporter -->
<testsuite hostname="DESKTOP-M021GP2" failures="0" tests="2" name="test1.TestB" time="0.000" errors="0" timestamp="2020-06-01T21:46:10 EDT" skipped="0">
  <testcase classname="test1.TestB" name="testB1" time="0.000"/>
  <system-out/>
  <testcase classname="test1.TestB" name="testB2" time="0.000"/>
  <system-out/>
</testsuite> <!-- test1.TestB -->
